Started at Sat Jul 17 12:56:28 UTC 2021
Processing test
Offering test to Project Build Discarder
Finished at Sat Jul 17 12:56:28 UTC 2021. 3ms
Started at Sat Jul 17 13:56:28 UTC 2021
Processing test
Offering test to Project Build Discarder
Finished at Sat Jul 17 13:56:28 UTC 2021. 0ms
Started at Sat Jul 17 14:56:28 UTC 2021
Processing test
Offering test to Project Build Discarder
Finished at Sat Jul 17 14:56:28 UTC 2021. 1ms
Started at Sat Jul 17 15:56:28 UTC 2021
Processing test
Offering test to Project Build Discarder
Finished at Sat Jul 17 15:56:28 UTC 2021. 1ms
Started at Sat Jul 17 16:56:28 UTC 2021
Processing test
Offering test to Project Build Discarder
Finished at Sat Jul 17 16:56:28 UTC 2021. 1ms
Started at Sat Jul 17 17:56:28 UTC 2021
Processing test
Offering test to Project Build Discarder
Finished at Sat Jul 17 17:56:28 UTC 2021. 1ms
Started at Sat Jul 17 18:56:28 UTC 2021
Processing test
Offering test to Project Build Discarder
Finished at Sat Jul 17 18:56:28 UTC 2021. 1ms
Started at Sat Jul 17 19:56:28 UTC 2021
Processing test
Offering test to Project Build Discarder
Finished at Sat Jul 17 19:56:28 UTC 2021. 0ms
Started at Sat Jul 17 20:56:28 UTC 2021
Processing test
Offering test to Project Build Discarder
Finished at Sat Jul 17 20:56:28 UTC 2021. 1ms
Started at Sat Jul 17 21:56:28 UTC 2021
Processing test
Offering test to Project Build Discarder
Finished at Sat Jul 17 21:56:28 UTC 2021. 9ms
Started at Sat Jul 17 22:56:28 UTC 2021
Processing test
Offering test to Project Build Discarder
Finished at Sat Jul 17 22:56:28 UTC 2021. 1ms
Started at Sat Jul 17 23:56:28 UTC 2021
Processing test
Offering test to Project Build Discarder
Finished at Sat Jul 17 23:56:28 UTC 2021. 1ms
Started at Sun Jul 18 00:56:28 UTC 2021
Processing test
Offering test to Project Build Discarder
Finished at Sun Jul 18 00:56:28 UTC 2021. 1ms
Started at Sun Jul 18 01:56:28 UTC 2021
Processing test
Offering test to Project Build Discarder
Finished at Sun Jul 18 01:56:28 UTC 2021. 0ms
Started at Sun Jul 18 02:56:28 UTC 2021
Processing test
Offering test to Project Build Discarder
Finished at Sun Jul 18 02:56:28 UTC 2021. 1ms
Started at Sun Jul 18 03:56:28 UTC 2021
Processing test
Offering test to Project Build Discarder
Finished at Sun Jul 18 03:56:28 UTC 2021. 2ms
Started at Sun Jul 18 04:56:28 UTC 2021
Processing test
Offering test to Project Build Discarder
Finished at Sun Jul 18 04:56:28 UTC 2021. 0ms
Started at Sun Jul 18 05:56:28 UTC 2021
Processing test
Offering test to Project Build Discarder
Finished at Sun Jul 18 05:56:28 UTC 2021. 0ms
Started at Sun Jul 18 06:56:28 UTC 2021
Processing test
Offering test to Project Build Discarder
Finished at Sun Jul 18 06:56:28 UTC 2021. 5ms
Started at Sun Jul 18 07:56:28 UTC 2021
Processing test
Offering test to Project Build Discarder
Finished at Sun Jul 18 07:56:28 UTC 2021. 0ms
Started at Sun Jul 18 08:56:28 UTC 2021
Processing maven build
Offering maven build to Project Build Discarder
Processing test
Offering test to Project Build Discarder
Finished at Sun Jul 18 08:56:28 UTC 2021. 2ms
Started at Sun Jul 18 09:56:28 UTC 2021
Processing calculator
Offering calculator to Project Build Discarder
Processing maven build
Offering maven build to Project Build Discarder
Processing test
Offering test to Project Build Discarder
Finished at Sun Jul 18 09:56:28 UTC 2021. 1ms
Started at Sun Jul 18 10:56:28 UTC 2021
Processing calculator
Offering calculator to Project Build Discarder
Processing maven build
Offering maven build to Project Build Discarder
Processing test
Offering test to Project Build Discarder
Finished at Sun Jul 18 10:56:28 UTC 2021. 0ms
